<?xml version="1.0" encoding="UTF-8"?>
<!-- Generated by org.testng.reporters.JUnitXMLReporter -->
<testsuite ignored="0" hostname="DESKTOP-CL8T34F" failures="0" tests="6" name="Default test" time="6.836" errors="0" timestamp="2023-09-10T01:02:56 CDT">
  <testcase classname="api.test.DDtest" name="testPostUser" time="2.944"/>
  <testcase classname="api.test.DDtest" name="testPostUser" time="0.37"/>
  <testcase classname="api.test.DDtest" name="testPostUser" time="0.317"/>
  <testcase classname="api.test.DDtest" name="testDeleteUserByName" time="0.344"/>
  <testcase classname="api.test.DDtest" name="testDeleteUserByName" time="0.269"/>
  <testcase classname="api.test.DDtest" name="testDeleteUserByName" time="0.267"/>
</testsuite> <!-- Default test -->
