<?xml version="1.0" encoding="UTF-8"?>
<!-- Generated by org.testng.reporters.JUnitXMLReporter -->
<testsuite ignored="0" hostname="DESKTOP-CL8T34F" failures="0" tests="4" name="Test" time="5.182" errors="0" timestamp="2023-09-12T17:51:51 CDT">
  <testcase classname="api.test.UserTests2" name="testPostUser" time="2.801"/>
  <testcase classname="api.test.UserTests2" name="testgetUserByName" time="0.26"/>
  <testcase classname="api.test.UserTests2" name="testPutUserByName" time="0.529"/>
  <testcase classname="api.test.UserTests2" name="testdeleteUserByName" time="0.258"/>
</testsuite> <!-- Test -->
