<?xml version="1.0" encoding="UTF-8"?>
<testng-results ignored="0" total="4" passed="4" failed="0" skipped="0">
  <reporter-output>
  </reporter-output>
  <suite started-at="2023-09-12T19:03:07 CDT" name="Suite" finished-at="2023-09-12T19:03:12 CDT" duration-ms="5130">
    <groups>
    </groups>
    <test started-at="2023-09-12T19:03:07 CDT" name="Test" finished-at="2023-09-12T19:03:12 CDT" duration-ms="5130">
      <class name="api.test.UserTests2">
        <test-method is-config="true" signature="setup()[pri:0, instance:api.test.UserTests2@43195e57]" started-at="2023-09-12T19:03:08 CDT" name="setup" finished-at="2023-09-12T19:03:09 CDT" duration-ms="977" status="PASS">
          <reporter-output>
          </reporter-output>
        </test-method> <!-- setup -->
        <test-method signature="testPostUser()[pri:1, instance:api.test.UserTests2@43195e57]" started-at="2023-09-12T19:03:09 CDT" name="testPostUser" finished-at="2023-09-12T19:03:11 CDT" duration-ms="2810" status="PASS">
          <reporter-output>
          </reporter-output>
        </test-method> <!-- testPostUser -->
        <test-method signature="testgetUserByName()[pri:2, instance:api.test.UserTests2@43195e57]" started-at="2023-09-12T19:03:11 CDT" name="testgetUserByName" finished-at="2023-09-12T19:03:12 CDT" duration-ms="260" status="PASS">
          <reporter-output>
          </reporter-output>
        </test-method> <!-- testgetUserByName -->
        <test-method signature="testPutUserByName()[pri:3, instance:api.test.UserTests2@43195e57]" started-at="2023-09-12T19:03:12 CDT" name="testPutUserByName" finished-at="2023-09-12T19:03:12 CDT" duration-ms="490" status="PASS">
          <reporter-output>
          </reporter-output>
        </test-method> <!-- testPutUserByName -->
        <test-method signature="testdeleteUserByName()[pri:4, instance:api.test.UserTests2@43195e57]" started-at="2023-09-12T19:03:12 CDT" name="testdeleteUserByName" finished-at="2023-09-12T19:03:12 CDT" duration-ms="251" status="PASS">
          <reporter-output>
          </reporter-output>
        </test-method> <!-- testdeleteUserByName -->
      </class> <!-- api.test.UserTests2 -->
    </test> <!-- Test -->
  </suite> <!-- Suite -->
</testng-results>
